{
  "RSpec": {
    "coverage": {
      "/Users/Augis/Projects/instagram-challenge/app/models/user.rb": [
        1,
        null,
        null,
        1,
        null,
        null,
        1,
        null
      ],
      "/Users/Augis/Projects/instagram-challenge/app/helpers/application_helper.rb": [
        1,
        null
      ],
      "/Users/Augis/Projects/instagram-challenge/app/helpers/comments_helper.rb": [
        1,
        null
      ],
      "/Users/Augis/Projects/instagram-challenge/app/helpers/likes_helper.rb": [
        1,
        null
      ],
      "/Users/Augis/Projects/instagram-challenge/app/helpers/posts_helper.rb": [
        1,
        null
      ],
      "/Users/Augis/Projects/instagram-challenge/app/models/comment.rb": [
        1,
        1,
        null
      ],
      "/Users/Augis/Projects/instagram-challenge/app/models/like.rb": [
        1,
        1,
        null
      ],
      "/Users/Augis/Projects/instagram-challenge/app/models/post.rb": [
        1,
        1,
        null,
        1,
        1,
        null
      ],
      "/Users/Augis/Projects/instagram-challenge/app/controllers/posts_controller.rb": [
        1,
        1,
        22,
        null,
        null,
        1,
        1,
        1,
        null,
        null,
        1,
        1,
        null,
        null
      ],
      "/Users/Augis/Projects/instagram-challenge/app/controllers/application_controller.rb": [
        1,
        null,
        null,
        1,
        null
      ],
      "/Users/Augis/Projects/instagram-challenge/app/controllers/comments_controller.rb": [
        1,
        1,
        1,
        1,
        1,
        null,
        null,
        1,
        1,
        null,
        null
      ],
      "/Users/Augis/Projects/instagram-challenge/app/controllers/likes_controller.rb": [
        1,
        1,
        1,
        1,
        1,
        null,
        null
      ]
    },
    "timestamp": 1431939346
  }
}
